<?xml version="1.0" encoding="UTF-8"?>
<!-- Generated by org.testng.reporters.JUnitReportReporter -->
<testsuite skipped="0" hostname="DESKTOP-O6MA943" name="testNGSec19.AlphabeticOrderTest" tests="2" failures="0" timestamp="2023-02-13T22:08:28 IST" time="0.063" errors="0">
  <testcase name="Test1" time="0.047" classname="testNGSec19.AlphabeticOrderTest"/>
  <system-out/>
  <testcase name="test1" time="0.016" classname="testNGSec19.AlphabeticOrderTest"/>
  <system-out/>
</testsuite> <!-- testNGSec19.AlphabeticOrderTest -->
