<?xml version="1.0" encoding="UTF-8"?>
<!-- Generated by org.testng.reporters.JUnitReportReporter -->
<testsuite skipped="0" hostname="DESKTOP-O6MA943" name="startFrom10Sec.JavaStream" tests="1" failures="0" timestamp="2022-01-07T16:04:39 IST" time="0.031" errors="0">
  <testcase name="StreamFilter" time="0.031" classname="startFrom10Sec.JavaStream"/>
  <system-out/>
</testsuite> <!-- startFrom10Sec.JavaStream -->
