<?xml version="1.0" encoding="UTF-8"?>
<!-- Generated by org.testng.reporters.JUnitReportReporter -->
<testsuite skipped="0" hostname="DESKTOP-O6MA943" name="stratsFrom34Collections.S346AutoItUdemy$UploadFileRobot" tests="1" failures="0" timestamp="2022-03-10T05:56:04 IST" time="13.226" errors="0">
  <testcase name="testUpload" time="13.226" classname="stratsFrom34Collections.S346AutoItUdemy$UploadFileRobot"/>
  <system-out/>
</testsuite> <!-- stratsFrom34Collections.S346AutoItUdemy$UploadFileRobot -->
