<?xml version="1.0" encoding="UTF-8"?>
<!-- Generated by org.testng.reporters.JUnitReportReporter -->
<testsuite skipped="0" hostname="DESKTOP-O6MA943" name="startFrom10Sec.JavaStream114" tests="1" failures="0" timestamp="2022-03-03T16:04:48 IST" time="0.028" errors="0">
  <testcase name="StreamFilter" time="0.028" classname="startFrom10Sec.JavaStream114"/>
  <system-out/>
</testsuite> <!-- startFrom10Sec.JavaStream114 -->
