<?xml version="1.0" encoding="UTF-8"?>
<!-- Generated by org.testng.reporters.JUnitReportReporter -->
<testsuite skipped="0" hostname="DESKTOP-O6MA943" name="testNGSec19.day1" tests="3" failures="0" timestamp="2023-01-22T10:19:54 IST" time="0.068" errors="0">
  <testcase name="Demo2" time="0.009" classname="testNGSec19.day1"/>
  <system-out/>
  <testcase name="Demo" time="0.043" classname="testNGSec19.day1"/>
  <system-out/>
  <testcase name="Demo1" time="0.016" classname="testNGSec19.day1"/>
  <system-out/>
</testsuite> <!-- testNGSec19.day1 -->
