<?xml version="1.0" encoding="UTF-8"?>
<!-- Generated by org.testng.reporters.JUnitReportReporter -->
<testsuite skipped="1" hostname="DESKTOP-O6MA943" name="testNGSec19.day1" tests="2" failures="0" timestamp="2022-11-29T15:05:38 IST" time="0.022" errors="0">
  <testcase name="Demo1" time="0.022" classname="testNGSec19.day1"/>
  <system-out/>
  <testcase name="Demo2" classname="testNGSec19.day1">
    <skipped/>
  </testcase> <!-- Demo2 -->
  <system-out/>
</testsuite> <!-- testNGSec19.day1 -->
