<?xml version="1.0" encoding="UTF-8"?>
<!-- Generated by org.testng.reporters.JUnitReportReporter -->
<testsuite skipped="0" hostname="DESKTOP-O6MA943" name="practiseCharitaAkka.TakesScreenShotDemo" tests="1" failures="0" timestamp="2022-04-01T17:41:04 IST" time="45.929" errors="0">
  <testcase name="begin" time="45.929" classname="practiseCharitaAkka.TakesScreenShotDemo"/>
  <system-out/>
</testsuite> <!-- practiseCharitaAkka.TakesScreenShotDemo -->
