<?xml version="1.0" encoding="UTF-8"?>
<!-- Generated by org.testng.reporters.JUnitReportReporter -->
<testsuite skipped="0" hostname="DESKTOP-O6MA943" name="testNGSec19.day3" tests="2" failures="0" timestamp="2022-11-29T15:05:38 IST" time="0.009" errors="0">
  <testcase name="Demo2" time="0.004" classname="testNGSec19.day3"/>
  <system-out/>
  <testcase name="Demo1" time="0.005" classname="testNGSec19.day3"/>
  <system-out/>
</testsuite> <!-- testNGSec19.day3 -->
