<?xml version="1.0" encoding="UTF-8"?>
<!-- Generated by org.testng.reporters.JUnitReportReporter -->
<testsuite skipped="0" hostname="DESKTOP-O6MA943" name="testNGSec19.day3" tests="2" failures="0" timestamp="2022-12-21T09:54:19 IST" time="0.000" errors="0">
  <testcase name="Demo2" time="0.000" classname="testNGSec19.day3"/>
  <system-out/>
  <testcase name="Demo1" time="0.000" classname="testNGSec19.day3"/>
  <system-out/>
</testsuite> <!-- testNGSec19.day3 -->
