<?xml version="1.0" encoding="UTF-8"?>
<!-- Generated by org.testng.reporters.JUnitReportReporter -->
<testsuite skipped="0" hostname="DESKTOP-O6MA943" name="testNGSec19.Demo" tests="1" failures="0" timestamp="2022-01-13T17:26:56 IST" time="0.047" errors="0">
  <testcase name="Demo" time="0.047" classname="testNGSec19.Demo"/>
  <system-out/>
</testsuite> <!-- testNGSec19.Demo -->
