<?xml version="1.0" encoding="UTF-8"?>
<!-- Generated by org.testng.reporters.JUnitReportReporter -->
<testsuite skipped="0" hostname="DESKTOP-O6MA943" name="startFrom10Sec.Sec114JavaStream114" tests="1" failures="0" timestamp="2023-04-09T08:49:39 IST" time="0.047" errors="0">
  <testcase name="StreamFilter" time="0.047" classname="startFrom10Sec.Sec114JavaStream114"/>
  <system-out/>
</testsuite> <!-- startFrom10Sec.Sec114JavaStream114 -->
